<?xml version="1.0" encoding="UTF-8"?>
<testsuite xmlns:xsi="http://www.w3.org/2001/XMLSchema-instance" xsi:noNamespaceSchemaLocation="https://maven.apache.org/surefire/maven-surefire-plugin/xsd/surefire-test-report-3.0.xsd" version="3.0" name="org.javarush.oleksandr.ListTest" time="0.135" tests="3" errors="0" skipped="0" failures="0">
  <properties>
[...]
</properties>
  <testcase name="mockList_test" classname="org.javarush.oleksandr.ListTest" time="0.116"/>
  <testcase name="staticTest" classname="org.javarush.oleksandr.ListTest" time="0.012"/>
  <testcase name="spyList_test" classname="org.javarush.oleksandr.ListTest" time="0.004"/>
</testsuite>